1694726031.817904 client started (178104): version 3.3a, socket /tmp/tmux-1000/default, protocol 8
1694726031.818035 on Linux 6.4.15-200.fc38.x86_64 #1 SMP PREEMPT_DYNAMIC Thu Sep  7 00:25:01 UTC 2023
1694726031.818049 using libevent 2.1.12-stable (poll); ncurses 6.4
1694726031.818070 flags are 0x18010000
1694726031.818075 socket is /tmp/tmux-1000/default
1694726031.818095 trying connect
1694726031.818112 connect failed: Connection refused
1694726031.818151 lock file is /tmp/tmux-1000/default.lock
1694726031.818221 flock succeeded
1694726031.818225 got lock (6)
1694726031.818235 trying connect
1694726031.818242 connect failed: Connection refused
1694726031.818546 add peer 0x55c091c3cfa0: 7 ((nil))
1694726031.819004 sending message 100 to peer 0x55c091c3cfa0 (4 bytes)
1694726031.819015 sending message 111 to peer 0x55c091c3cfa0 (8 bytes)
1694726031.819020 sending message 101 to peer 0x55c091c3cfa0 (15 bytes)
1694726031.819025 sending message 109 to peer 0x55c091c3cfa0 (4 bytes)
1694726031.819029 sending message 102 to peer 0x55c091c3cfa0 (11 bytes)
1694726031.819034 sending message 108 to peer 0x55c091c3cfa0 (27 bytes)
1694726031.819038 sending message 112 to peer 0x55c091c3cfa0 (58 bytes)
1694726031.819044 sending message 112 to peer 0x55c091c3cfa0 (5 bytes)
1694726031.819048 sending message 112 to peer 0x55c091c3cfa0 (5 bytes)
1694726031.819053 sending message 112 to peer 0x55c091c3cfa0 (6 bytes)
1694726031.819057 sending message 112 to peer 0x55c091c3cfa0 (6 bytes)
1694726031.819062 sending message 112 to peer 0x55c091c3cfa0 (11 bytes)
1694726031.819066 sending message 112 to peer 0x55c091c3cfa0 (10 bytes)
1694726031.819071 sending message 112 to peer 0x55c091c3cfa0 (13 bytes)
1694726031.819075 sending message 112 to peer 0x55c091c3cfa0 (14 bytes)
1694726031.819080 sending message 112 to peer 0x55c091c3cfa0 (19 bytes)
1694726031.819084 sending message 112 to peer 0x55c091c3cfa0 (11 bytes)
1694726031.819088 sending message 112 to peer 0x55c091c3cfa0 (10 bytes)
1694726031.819092 sending message 112 to peer 0x55c091c3cfa0 (15 bytes)
1694726031.819097 sending message 112 to peer 0x55c091c3cfa0 (21 bytes)
1694726031.819101 sending message 112 to peer 0x55c091c3cfa0 (13 bytes)
1694726031.819105 sending message 112 to peer 0x55c091c3cfa0 (7 bytes)
1694726031.819110 sending message 112 to peer 0x55c091c3cfa0 (13 bytes)
1694726031.819114 sending message 112 to peer 0x55c091c3cfa0 (7 bytes)
1694726031.819118 sending message 112 to peer 0x55c091c3cfa0 (13 bytes)
1694726031.819123 sending message 112 to peer 0x55c091c3cfa0 (9 bytes)
1694726031.819127 sending message 112 to peer 0x55c091c3cfa0 (21 bytes)
1694726031.819132 sending message 112 to peer 0x55c091c3cfa0 (13 bytes)
1694726031.819136 sending message 112 to peer 0x55c091c3cfa0 (9 bytes)
1694726031.819141 sending message 112 to peer 0x55c091c3cfa0 (16 bytes)
1694726031.819145 sending message 112 to peer 0x55c091c3cfa0 (13 bytes)
1694726031.819149 sending message 112 to peer 0x55c091c3cfa0 (9 bytes)
1694726031.819154 sending message 112 to peer 0x55c091c3cfa0 (9 bytes)
1694726031.819158 sending message 112 to peer 0x55c091c3cfa0 (12 bytes)
1694726031.819162 sending message 112 to peer 0x55c091c3cfa0 (8 bytes)
1694726031.819167 sending message 112 to peer 0x55c091c3cfa0 (8 bytes)
1694726031.819171 sending message 112 to peer 0x55c091c3cfa0 (13 bytes)
1694726031.819175 sending message 112 to peer 0x55c091c3cfa0 (7 bytes)
1694726031.819180 sending message 112 to peer 0x55c091c3cfa0 (7 bytes)
1694726031.819184 sending message 112 to peer 0x55c091c3cfa0 (9 bytes)
1694726031.819188 sending message 112 to peer 0x55c091c3cfa0 (9 bytes)
1694726031.819192 sending message 112 to peer 0x55c091c3cfa0 (15 bytes)
1694726031.819196 sending message 112 to peer 0x55c091c3cfa0 (13 bytes)
1694726031.819200 sending message 112 to peer 0x55c091c3cfa0 (12 bytes)
1694726031.819205 sending message 112 to peer 0x55c091c3cfa0 (8 bytes)
1694726031.819209 sending message 112 to peer 0x55c091c3cfa0 (14 bytes)
1694726031.819213 sending message 112 to peer 0x55c091c3cfa0 (11 bytes)
1694726031.819217 sending message 112 to peer 0x55c091c3cfa0 (9 bytes)
1694726031.819241 sending message 112 to peer 0x55c091c3cfa0 (10 bytes)
1694726031.819246 sending message 112 to peer 0x55c091c3cfa0 (10 bytes)
1694726031.819250 sending message 112 to peer 0x55c091c3cfa0 (10 bytes)
1694726031.819255 sending message 112 to peer 0x55c091c3cfa0 (10 bytes)
1694726031.819260 sending message 112 to peer 0x55c091c3cfa0 (11 bytes)
1694726031.819265 sending message 112 to peer 0x55c091c3cfa0 (12 bytes)
1694726031.819270 sending message 112 to peer 0x55c091c3cfa0 (12 bytes)
1694726031.819385 sending message 112 to peer 0x55c091c3cfa0 (12 bytes)
1694726031.819391 sending message 112 to peer 0x55c091c3cfa0 (12 bytes)
1694726031.819396 sending message 112 to peer 0x55c091c3cfa0 (12 bytes)
1694726031.819400 sending message 112 to peer 0x55c091c3cfa0 (11 bytes)
1694726031.819404 sending message 112 to peer 0x55c091c3cfa0 (11 bytes)
1694726031.819409 sending message 112 to peer 0x55c091c3cfa0 (12 bytes)
1694726031.819414 sending message 112 to peer 0x55c091c3cfa0 (12 bytes)
1694726031.819419 sending message 112 to peer 0x55c091c3cfa0 (12 bytes)
1694726031.819423 sending message 112 to peer 0x55c091c3cfa0 (12 bytes)
1694726031.819428 sending message 112 to peer 0x55c091c3cfa0 (12 bytes)
1694726031.819433 sending message 112 to peer 0x55c091c3cfa0 (9 bytes)
1694726031.819438 sending message 112 to peer 0x55c091c3cfa0 (12 bytes)
1694726031.819442 sending message 112 to peer 0x55c091c3cfa0 (13 bytes)
1694726031.819446 sending message 112 to peer 0x55c091c3cfa0 (13 bytes)
1694726031.819451 sending message 112 to peer 0x55c091c3cfa0 (13 bytes)
1694726031.819455 sending message 112 to peer 0x55c091c3cfa0 (13 bytes)
1694726031.819460 sending message 112 to peer 0x55c091c3cfa0 (13 bytes)
1694726031.819465 sending message 112 to peer 0x55c091c3cfa0 (8 bytes)
1694726031.819469 sending message 112 to peer 0x55c091c3cfa0 (11 bytes)
1694726031.819473 sending message 112 to peer 0x55c091c3cfa0 (11 bytes)
1694726031.819478 sending message 112 to peer 0x55c091c3cfa0 (11 bytes)
1694726031.819482 sending message 112 to peer 0x55c091c3cfa0 (12 bytes)
1694726031.819487 sending message 112 to peer 0x55c091c3cfa0 (12 bytes)
1694726031.819491 sending message 112 to peer 0x55c091c3cfa0 (12 bytes)
1694726031.819496 sending message 112 to peer 0x55c091c3cfa0 (12 bytes)
1694726031.819501 sending message 112 to peer 0x55c091c3cfa0 (13 bytes)
1694726031.819505 sending message 112 to peer 0x55c091c3cfa0 (13 bytes)
1694726031.819510 sending message 112 to peer 0x55c091c3cfa0 (13 bytes)
1694726031.819514 sending message 112 to peer 0x55c091c3cfa0 (8 bytes)
1694726031.819519 sending message 112 to peer 0x55c091c3cfa0 (13 bytes)
1694726031.819524 sending message 112 to peer 0x55c091c3cfa0 (13 bytes)
1694726031.819528 sending message 112 to peer 0x55c091c3cfa0 (13 bytes)
1694726031.819533 sending message 112 to peer 0x55c091c3cfa0 (13 bytes)
1694726031.819537 sending message 112 to peer 0x55c091c3cfa0 (13 bytes)
1694726031.819542 sending message 112 to peer 0x55c091c3cfa0 (12 bytes)
1694726031.819547 sending message 112 to peer 0x55c091c3cfa0 (12 bytes)
1694726031.819551 sending message 112 to peer 0x55c091c3cfa0 (12 bytes)
1694726031.819556 sending message 112 to peer 0x55c091c3cfa0 (12 bytes)
1694726031.819560 sending message 112 to peer 0x55c091c3cfa0 (13 bytes)
1694726031.819565 sending message 112 to peer 0x55c091c3cfa0 (8 bytes)
1694726031.819570 sending message 112 to peer 0x55c091c3cfa0 (13 bytes)
1694726031.819575 sending message 112 to peer 0x55c091c3cfa0 (13 bytes)
1694726031.819580 sending message 112 to peer 0x55c091c3cfa0 (13 bytes)
1694726031.819585 sending message 112 to peer 0x55c091c3cfa0 (13 bytes)
1694726031.819589 sending message 112 to peer 0x55c091c3cfa0 (13 bytes)
1694726031.819593 sending message 112 to peer 0x55c091c3cfa0 (13 bytes)
1694726031.819598 sending message 112 to peer 0x55c091c3cfa0 (13 bytes)
1694726031.819602 sending message 112 to peer 0x55c091c3cfa0 (12 bytes)
1694726031.819608 sending message 112 to peer 0x55c091c3cfa0 (12 bytes)
1694726031.819612 sending message 112 to peer 0x55c091c3cfa0 (12 bytes)
1694726031.819625 sending message 112 to peer 0x55c091c3cfa0 (8 bytes)
1694726031.819630 sending message 112 to peer 0x55c091c3cfa0 (12 bytes)
1694726031.819635 sending message 112 to peer 0x55c091c3cfa0 (13 bytes)
1694726031.819639 sending message 112 to peer 0x55c091c3cfa0 (13 bytes)
1694726031.819643 sending message 112 to peer 0x55c091c3cfa0 (13 bytes)
1694726031.819648 sending message 112 to peer 0x55c091c3cfa0 (13 bytes)
1694726031.819653 sending message 112 to peer 0x55c091c3cfa0 (13 bytes)
1694726031.819658 sending message 112 to peer 0x55c091c3cfa0 (13 bytes)
1694726031.819663 sending message 112 to peer 0x55c091c3cfa0 (13 bytes)
1694726031.819667 sending message 112 to peer 0x55c091c3cfa0 (13 bytes)
1694726031.819671 sending message 112 to peer 0x55c091c3cfa0 (12 bytes)
1694726031.819676 sending message 112 to peer 0x55c091c3cfa0 (10 bytes)
1694726031.819680 sending message 112 to peer 0x55c091c3cfa0 (12 bytes)
1694726031.819685 sending message 112 to peer 0x55c091c3cfa0 (12 bytes)
1694726031.819689 sending message 112 to peer 0x55c091c3cfa0 (12 bytes)
1694726031.819694 sending message 112 to peer 0x55c091c3cfa0 (13 bytes)
1694726031.819698 sending message 112 to peer 0x55c091c3cfa0 (13 bytes)
1694726031.819704 sending message 112 to peer 0x55c091c3cfa0 (13 bytes)
1694726031.819708 sending message 112 to peer 0x55c091c3cfa0 (13 bytes)
1694726031.819713 sending message 112 to peer 0x55c091c3cfa0 (13 bytes)
1694726031.819717 sending message 112 to peer 0x55c091c3cfa0 (13 bytes)
1694726031.819722 sending message 112 to peer 0x55c091c3cfa0 (13 bytes)
1694726031.819726 sending message 112 to peer 0x55c091c3cfa0 (10 bytes)
1694726031.819731 sending message 112 to peer 0x55c091c3cfa0 (13 bytes)
1694726031.819735 sending message 112 to peer 0x55c091c3cfa0 (12 bytes)
1694726031.819740 sending message 112 to peer 0x55c091c3cfa0 (12 bytes)
1694726031.819744 sending message 112 to peer 0x55c091c3cfa0 (12 bytes)
1694726031.819749 sending message 112 to peer 0x55c091c3cfa0 (10 bytes)
1694726031.819754 sending message 112 to peer 0x55c091c3cfa0 (10 bytes)
1694726031.819758 sending message 112 to peer 0x55c091c3cfa0 (10 bytes)
1694726031.819763 sending message 112 to peer 0x55c091c3cfa0 (12 bytes)
1694726031.819768 sending message 112 to peer 0x55c091c3cfa0 (13 bytes)
1694726031.819772 sending message 112 to peer 0x55c091c3cfa0 (13 bytes)
1694726031.819777 sending message 112 to peer 0x55c091c3cfa0 (13 bytes)
1694726031.819781 sending message 112 to peer 0x55c091c3cfa0 (13 bytes)
1694726031.819786 sending message 112 to peer 0x55c091c3cfa0 (13 bytes)
1694726031.819790 sending message 112 to peer 0x55c091c3cfa0 (10 bytes)
1694726031.819795 sending message 112 to peer 0x55c091c3cfa0 (11 bytes)
1694726031.819800 sending message 112 to peer 0x55c091c3cfa0 (12 bytes)
1694726031.819804 sending message 112 to peer 0x55c091c3cfa0 (12 bytes)
1694726031.819809 sending message 112 to peer 0x55c091c3cfa0 (12 bytes)
1694726031.819813 sending message 112 to peer 0x55c091c3cfa0 (12 bytes)
1694726031.819817 sending message 112 to peer 0x55c091c3cfa0 (12 bytes)
1694726031.819822 sending message 112 to peer 0x55c091c3cfa0 (11 bytes)
1694726031.819826 sending message 112 to peer 0x55c091c3cfa0 (12 bytes)
1694726031.819831 sending message 112 to peer 0x55c091c3cfa0 (12 bytes)
1694726031.819835 sending message 112 to peer 0x55c091c3cfa0 (13 bytes)
1694726031.819839 sending message 112 to peer 0x55c091c3cfa0 (13 bytes)
1694726031.819844 sending message 112 to peer 0x55c091c3cfa0 (13 bytes)
1694726031.819848 sending message 112 to peer 0x55c091c3cfa0 (13 bytes)
1694726031.819853 sending message 112 to peer 0x55c091c3cfa0 (13 bytes)
1694726031.819857 sending message 112 to peer 0x55c091c3cfa0 (10 bytes)
1694726031.819862 sending message 112 to peer 0x55c091c3cfa0 (9 bytes)
1694726031.819867 sending message 112 to peer 0x55c091c3cfa0 (12 bytes)
1694726031.819871 sending message 112 to peer 0x55c091c3cfa0 (13 bytes)
1694726031.819876 sending message 112 to peer 0x55c091c3cfa0 (13 bytes)
1694726031.819880 sending message 112 to peer 0x55c091c3cfa0 (13 bytes)
1694726031.819890 sending message 112 to peer 0x55c091c3cfa0 (13 bytes)
1694726031.819895 sending message 112 to peer 0x55c091c3cfa0 (13 bytes)
1694726031.819899 sending message 112 to peer 0x55c091c3cfa0 (9 bytes)
1694726031.819903 sending message 112 to peer 0x55c091c3cfa0 (12 bytes)
1694726031.819907 sending message 112 to peer 0x55c091c3cfa0 (13 bytes)
1694726031.819912 sending message 112 to peer 0x55c091c3cfa0 (13 bytes)
1694726031.819916 sending message 112 to peer 0x55c091c3cfa0 (13 bytes)
1694726031.819920 sending message 112 to peer 0x55c091c3cfa0 (13 bytes)
1694726031.819925 sending message 112 to peer 0x55c091c3cfa0 (13 bytes)
1694726031.819929 sending message 112 to peer 0x55c091c3cfa0 (11 bytes)
1694726031.819933 sending message 112 to peer 0x55c091c3cfa0 (12 bytes)
1694726031.819938 sending message 112 to peer 0x55c091c3cfa0 (13 bytes)
1694726031.819942 sending message 112 to peer 0x55c091c3cfa0 (13 bytes)
1694726031.819946 sending message 112 to peer 0x55c091c3cfa0 (13 bytes)
1694726031.819951 sending message 112 to peer 0x55c091c3cfa0 (13 bytes)
1694726031.819955 sending message 112 to peer 0x55c091c3cfa0 (13 bytes)
1694726031.819959 sending message 112 to peer 0x55c091c3cfa0 (11 bytes)
1694726031.819963 sending message 112 to peer 0x55c091c3cfa0 (12 bytes)
1694726031.819968 sending message 112 to peer 0x55c091c3cfa0 (12 bytes)
1694726031.819972 sending message 112 to peer 0x55c091c3cfa0 (12 bytes)
1694726031.819977 sending message 112 to peer 0x55c091c3cfa0 (12 bytes)
1694726031.819981 sending message 112 to peer 0x55c091c3cfa0 (12 bytes)
1694726031.819985 sending message 112 to peer 0x55c091c3cfa0 (21 bytes)
1694726031.819990 sending message 112 to peer 0x55c091c3cfa0 (12 bytes)
1694726031.819994 sending message 112 to peer 0x55c091c3cfa0 (9 bytes)
1694726031.819999 sending message 112 to peer 0x55c091c3cfa0 (6 bytes)
1694726031.820004 sending message 112 to peer 0x55c091c3cfa0 (13 bytes)
1694726031.820008 sending message 112 to peer 0x55c091c3cfa0 (10 bytes)
1694726031.820012 sending message 112 to peer 0x55c091c3cfa0 (24 bytes)
1694726031.820016 sending message 112 to peer 0x55c091c3cfa0 (13 bytes)
1694726031.820021 sending message 112 to peer 0x55c091c3cfa0 (9 bytes)
1694726031.820025 sending message 112 to peer 0x55c091c3cfa0 (70 bytes)
1694726031.820029 sending message 112 to peer 0x55c091c3cfa0 (69 bytes)
1694726031.820034 sending message 112 to peer 0x55c091c3cfa0 (12 bytes)
1694726031.820038 sending message 112 to peer 0x55c091c3cfa0 (10 bytes)
1694726031.820043 sending message 112 to peer 0x55c091c3cfa0 (10 bytes)
1694726031.820047 sending message 112 to peer 0x55c091c3cfa0 (24 bytes)
1694726031.820052 sending message 112 to peer 0x55c091c3cfa0 (13 bytes)
1694726031.820056 sending message 112 to peer 0x55c091c3cfa0 (10 bytes)
1694726031.820060 sending message 112 to peer 0x55c091c3cfa0 (10 bytes)
1694726031.820064 sending message 112 to peer 0x55c091c3cfa0 (10 bytes)
1694726031.820069 sending message 112 to peer 0x55c091c3cfa0 (13 bytes)
1694726031.820073 sending message 112 to peer 0x55c091c3cfa0 (15 bytes)
1694726031.820077 sending message 112 to peer 0x55c091c3cfa0 (5 bytes)
1694726031.820082 sending message 104 to peer 0x55c091c3cfa0 (0 bytes)
1694726031.820087 sending message 110 to peer 0x55c091c3cfa0 (0 bytes)
1694726031.820092 sending message 107 to peer 0x55c091c3cfa0 (4 bytes)
1694726031.820097 sending message 105 to peer 0x55c091c3cfa0 (16 bytes)
1694726031.820102 sending message 105 to peer 0x55c091c3cfa0 (78 bytes)
1694726031.820106 sending message 105 to peer 0x55c091c3cfa0 (20 bytes)
1694726031.820110 sending message 105 to peer 0x55c091c3cfa0 (23 bytes)
1694726031.820115 sending message 105 to peer 0x55c091c3cfa0 (23 bytes)
1694726031.820119 sending message 105 to peer 0x55c091c3cfa0 (14 bytes)
1694726031.820124 sending message 105 to peer 0x55c091c3cfa0 (30 bytes)
1694726031.820128 sending message 105 to peer 0x55c091c3cfa0 (61 bytes)
1694726031.820133 sending message 105 to peer 0x55c091c3cfa0 (41 bytes)
1694726031.820137 sending message 105 to peer 0x55c091c3cfa0 (20 bytes)
1694726031.820146 sending message 105 to peer 0x55c091c3cfa0 (22 bytes)
1694726031.820151 sending message 105 to peer 0x55c091c3cfa0 (38 bytes)
1694726031.820156 sending message 105 to peer 0x55c091c3cfa0 (21 bytes)
1694726031.820161 sending message 105 to peer 0x55c091c3cfa0 (31 bytes)
1694726031.820165 sending message 105 to peer 0x55c091c3cfa0 (15 bytes)
1694726031.820170 sending message 105 to peer 0x55c091c3cfa0 (26 bytes)
1694726031.820174 sending message 105 to peer 0x55c091c3cfa0 (25 bytes)
1694726031.820179 sending message 105 to peer 0x55c091c3cfa0 (33 bytes)
1694726031.820183 sending message 105 to peer 0x55c091c3cfa0 (40 bytes)
1694726031.820188 sending message 105 to peer 0x55c091c3cfa0 (22 bytes)
1694726031.820192 sending message 105 to peer 0x55c091c3cfa0 (54 bytes)
1694726031.820197 sending message 105 to peer 0x55c091c3cfa0 (21 bytes)
1694726031.820201 sending message 105 to peer 0x55c091c3cfa0 (18 bytes)
1694726031.820206 sending message 105 to peer 0x55c091c3cfa0 (16 bytes)
1694726031.820211 sending message 105 to peer 0x55c091c3cfa0 (17 bytes)
1694726031.820216 sending message 105 to peer 0x55c091c3cfa0 (1770 bytes)
1694726031.820240 sending message 105 to peer 0x55c091c3cfa0 (26 bytes)
1694726031.820246 sending message 105 to peer 0x55c091c3cfa0 (17 bytes)
1694726031.820251 sending message 105 to peer 0x55c091c3cfa0 (26 bytes)
1694726031.820256 sending message 105 to peer 0x55c091c3cfa0 (29 bytes)
1694726031.820261 sending message 105 to peer 0x55c091c3cfa0 (86 bytes)
1694726031.820266 sending message 105 to peer 0x55c091c3cfa0 (20 bytes)
1694726031.820271 sending message 105 to peer 0x55c091c3cfa0 (39 bytes)
1694726031.820285 sending message 105 to peer 0x55c091c3cfa0 (23 bytes)
1694726031.820293 sending message 105 to peer 0x55c091c3cfa0 (23 bytes)
1694726031.820300 sending message 105 to peer 0x55c091c3cfa0 (30 bytes)
1694726031.820308 sending message 105 to peer 0x55c091c3cfa0 (20 bytes)
1694726031.820316 sending message 105 to peer 0x55c091c3cfa0 (35 bytes)
1694726031.820323 sending message 105 to peer 0x55c091c3cfa0 (12 bytes)
1694726031.820330 sending message 105 to peer 0x55c091c3cfa0 (23 bytes)
1694726031.820337 sending message 105 to peer 0x55c091c3cfa0 (30 bytes)
1694726031.820342 sending message 105 to peer 0x55c091c3cfa0 (11 bytes)
1694726031.820347 sending message 105 to peer 0x55c091c3cfa0 (26 bytes)
1694726031.820352 sending message 105 to peer 0x55c091c3cfa0 (8 bytes)
1694726031.820357 sending message 105 to peer 0x55c091c3cfa0 (40 bytes)
1694726031.820361 sending message 105 to peer 0x55c091c3cfa0 (15 bytes)
1694726031.820366 sending message 105 to peer 0x55c091c3cfa0 (18 bytes)
1694726031.820371 sending message 105 to peer 0x55c091c3cfa0 (31 bytes)
1694726031.820375 sending message 105 to peer 0x55c091c3cfa0 (55 bytes)
1694726031.820380 sending message 105 to peer 0x55c091c3cfa0 (13 bytes)
1694726031.820385 sending message 105 to peer 0x55c091c3cfa0 (123 bytes)
1694726031.820391 sending message 105 to peer 0x55c091c3cfa0 (96 bytes)
1694726031.820396 sending message 105 to peer 0x55c091c3cfa0 (146 bytes)
1694726031.820401 sending message 105 to peer 0x55c091c3cfa0 (17 bytes)
1694726031.820406 sending message 105 to peer 0x55c091c3cfa0 (54 bytes)
1694726031.820411 sending message 105 to peer 0x55c091c3cfa0 (43 bytes)
1694726031.820415 sending message 105 to peer 0x55c091c3cfa0 (28 bytes)
1694726031.820420 sending message 105 to peer 0x55c091c3cfa0 (55 bytes)
1694726031.820426 sending message 105 to peer 0x55c091c3cfa0 (591 bytes)
1694726031.820430 sending message 105 to peer 0x55c091c3cfa0 (38 bytes)
1694726031.820436 sending message 105 to peer 0x55c091c3cfa0 (16 bytes)
1694726031.820441 sending message 106 to peer 0x55c091c3cfa0 (0 bytes)
1694726031.820499 sending message 200 to peer 0x55c091c3cfa0 (4 bytes)
1694726031.820504 client loop enter
1694726031.820525 client_signal: Child exited
1694726031.887128 peer 0x55c091c3cfa0 message 207
1694726031.887154 sending message 208 to peer 0x55c091c3cfa0 (0 bytes)
1694726035.672889 peer 0x55c091c3cfa0 message 203
1694726035.672956 sending message 205 to peer 0x55c091c3cfa0 (0 bytes)
1694726035.673226 peer 0x55c091c3cfa0 message 204
1694726035.673234 client loop exit
