1694726024.902384 client started (178037): version 3.3a, socket /tmp/tmux-1000/default, protocol 8
1694726024.902425 on Linux 6.4.15-200.fc38.x86_64 #1 SMP PREEMPT_DYNAMIC Thu Sep  7 00:25:01 UTC 2023
1694726024.902437 using libevent 2.1.12-stable (poll); ncurses 6.4
1694726024.902454 flags are 0x10010000
1694726024.902464 socket is /tmp/tmux-1000/default
1694726024.902490 trying connect
1694726024.902710 add peer 0x55eac39720c0: 6 ((nil))
1694726024.903628 sending message 100 to peer 0x55eac39720c0 (4 bytes)
1694726024.903638 sending message 111 to peer 0x55eac39720c0 (8 bytes)
1694726024.903643 sending message 101 to peer 0x55eac39720c0 (14 bytes)
1694726024.903647 sending message 109 to peer 0x55eac39720c0 (4 bytes)
1694726024.903652 sending message 102 to peer 0x55eac39720c0 (11 bytes)
1694726024.903657 sending message 108 to peer 0x55eac39720c0 (27 bytes)
1694726024.903661 sending message 112 to peer 0x55eac39720c0 (70 bytes)
1694726024.903666 sending message 112 to peer 0x55eac39720c0 (5 bytes)
1694726024.903671 sending message 112 to peer 0x55eac39720c0 (5 bytes)
1694726024.903676 sending message 112 to peer 0x55eac39720c0 (6 bytes)
1694726024.903680 sending message 112 to peer 0x55eac39720c0 (6 bytes)
1694726024.903685 sending message 112 to peer 0x55eac39720c0 (11 bytes)
1694726024.903689 sending message 112 to peer 0x55eac39720c0 (10 bytes)
1694726024.903694 sending message 112 to peer 0x55eac39720c0 (13 bytes)
1694726024.903698 sending message 112 to peer 0x55eac39720c0 (13 bytes)
1694726024.903702 sending message 112 to peer 0x55eac39720c0 (18 bytes)
1694726024.903707 sending message 112 to peer 0x55eac39720c0 (11 bytes)
1694726024.903711 sending message 112 to peer 0x55eac39720c0 (10 bytes)
1694726024.903716 sending message 112 to peer 0x55eac39720c0 (15 bytes)
1694726024.903721 sending message 112 to peer 0x55eac39720c0 (21 bytes)
1694726024.903725 sending message 112 to peer 0x55eac39720c0 (13 bytes)
1694726024.903730 sending message 112 to peer 0x55eac39720c0 (7 bytes)
1694726024.903734 sending message 112 to peer 0x55eac39720c0 (13 bytes)
1694726024.903739 sending message 112 to peer 0x55eac39720c0 (7 bytes)
1694726024.903743 sending message 112 to peer 0x55eac39720c0 (13 bytes)
1694726024.903748 sending message 112 to peer 0x55eac39720c0 (9 bytes)
1694726024.903752 sending message 112 to peer 0x55eac39720c0 (21 bytes)
1694726024.903757 sending message 112 to peer 0x55eac39720c0 (13 bytes)
1694726024.903761 sending message 112 to peer 0x55eac39720c0 (8 bytes)
1694726024.903766 sending message 112 to peer 0x55eac39720c0 (12 bytes)
1694726024.903771 sending message 112 to peer 0x55eac39720c0 (13 bytes)
1694726024.903775 sending message 112 to peer 0x55eac39720c0 (9 bytes)
1694726024.903780 sending message 112 to peer 0x55eac39720c0 (9 bytes)
1694726024.903784 sending message 112 to peer 0x55eac39720c0 (12 bytes)
1694726024.903788 sending message 112 to peer 0x55eac39720c0 (8 bytes)
1694726024.903793 sending message 112 to peer 0x55eac39720c0 (8 bytes)
1694726024.903797 sending message 112 to peer 0x55eac39720c0 (7 bytes)
1694726024.903802 sending message 112 to peer 0x55eac39720c0 (7 bytes)
1694726024.903806 sending message 112 to peer 0x55eac39720c0 (9 bytes)
1694726024.903811 sending message 112 to peer 0x55eac39720c0 (13 bytes)
1694726024.903815 sending message 112 to peer 0x55eac39720c0 (6 bytes)
1694726024.903819 sending message 112 to peer 0x55eac39720c0 (9 bytes)
1694726024.903824 sending message 112 to peer 0x55eac39720c0 (15 bytes)
1694726024.903829 sending message 112 to peer 0x55eac39720c0 (13 bytes)
1694726024.903833 sending message 112 to peer 0x55eac39720c0 (12 bytes)
1694726024.903838 sending message 112 to peer 0x55eac39720c0 (8 bytes)
1694726024.903842 sending message 112 to peer 0x55eac39720c0 (14 bytes)
1694726024.903847 sending message 112 to peer 0x55eac39720c0 (11 bytes)
1694726024.903851 sending message 112 to peer 0x55eac39720c0 (9 bytes)
1694726024.903855 sending message 112 to peer 0x55eac39720c0 (10 bytes)
1694726024.903860 sending message 112 to peer 0x55eac39720c0 (10 bytes)
1694726024.903864 sending message 112 to peer 0x55eac39720c0 (10 bytes)
1694726024.903883 sending message 112 to peer 0x55eac39720c0 (10 bytes)
1694726024.903889 sending message 112 to peer 0x55eac39720c0 (11 bytes)
1694726024.903894 sending message 112 to peer 0x55eac39720c0 (12 bytes)
1694726024.903898 sending message 112 to peer 0x55eac39720c0 (12 bytes)
1694726024.903903 sending message 112 to peer 0x55eac39720c0 (12 bytes)
1694726024.903908 sending message 112 to peer 0x55eac39720c0 (12 bytes)
1694726024.903912 sending message 112 to peer 0x55eac39720c0 (12 bytes)
1694726024.903917 sending message 112 to peer 0x55eac39720c0 (11 bytes)
1694726024.903921 sending message 112 to peer 0x55eac39720c0 (11 bytes)
1694726024.903926 sending message 112 to peer 0x55eac39720c0 (12 bytes)
1694726024.903930 sending message 112 to peer 0x55eac39720c0 (12 bytes)
1694726024.903935 sending message 112 to peer 0x55eac39720c0 (12 bytes)
1694726024.903939 sending message 112 to peer 0x55eac39720c0 (12 bytes)
1694726024.903944 sending message 112 to peer 0x55eac39720c0 (12 bytes)
1694726024.903948 sending message 112 to peer 0x55eac39720c0 (10 bytes)
1694726024.903952 sending message 112 to peer 0x55eac39720c0 (12 bytes)
1694726024.903957 sending message 112 to peer 0x55eac39720c0 (13 bytes)
1694726024.903961 sending message 112 to peer 0x55eac39720c0 (13 bytes)
1694726024.903966 sending message 112 to peer 0x55eac39720c0 (13 bytes)
1694726024.903971 sending message 112 to peer 0x55eac39720c0 (13 bytes)
1694726024.903976 sending message 112 to peer 0x55eac39720c0 (13 bytes)
1694726024.903980 sending message 112 to peer 0x55eac39720c0 (8 bytes)
1694726024.903985 sending message 112 to peer 0x55eac39720c0 (11 bytes)
1694726024.903989 sending message 112 to peer 0x55eac39720c0 (11 bytes)
1694726024.903993 sending message 112 to peer 0x55eac39720c0 (11 bytes)
1694726024.903998 sending message 112 to peer 0x55eac39720c0 (12 bytes)
1694726024.904002 sending message 112 to peer 0x55eac39720c0 (12 bytes)
1694726024.904006 sending message 112 to peer 0x55eac39720c0 (12 bytes)
1694726024.904011 sending message 112 to peer 0x55eac39720c0 (12 bytes)
1694726024.904015 sending message 112 to peer 0x55eac39720c0 (13 bytes)
1694726024.904019 sending message 112 to peer 0x55eac39720c0 (13 bytes)
1694726024.904024 sending message 112 to peer 0x55eac39720c0 (13 bytes)
1694726024.904028 sending message 112 to peer 0x55eac39720c0 (8 bytes)
1694726024.904033 sending message 112 to peer 0x55eac39720c0 (13 bytes)
1694726024.904037 sending message 112 to peer 0x55eac39720c0 (13 bytes)
1694726024.904042 sending message 112 to peer 0x55eac39720c0 (13 bytes)
1694726024.904046 sending message 112 to peer 0x55eac39720c0 (13 bytes)
1694726024.904051 sending message 112 to peer 0x55eac39720c0 (13 bytes)
1694726024.904055 sending message 112 to peer 0x55eac39720c0 (12 bytes)
1694726024.904059 sending message 112 to peer 0x55eac39720c0 (12 bytes)
1694726024.904064 sending message 112 to peer 0x55eac39720c0 (12 bytes)
1694726024.904068 sending message 112 to peer 0x55eac39720c0 (12 bytes)
1694726024.904073 sending message 112 to peer 0x55eac39720c0 (13 bytes)
1694726024.904077 sending message 112 to peer 0x55eac39720c0 (8 bytes)
1694726024.904082 sending message 112 to peer 0x55eac39720c0 (13 bytes)
1694726024.904086 sending message 112 to peer 0x55eac39720c0 (13 bytes)
1694726024.904091 sending message 112 to peer 0x55eac39720c0 (13 bytes)
1694726024.904095 sending message 112 to peer 0x55eac39720c0 (13 bytes)
1694726024.904099 sending message 112 to peer 0x55eac39720c0 (13 bytes)
1694726024.904104 sending message 112 to peer 0x55eac39720c0 (13 bytes)
1694726024.904109 sending message 112 to peer 0x55eac39720c0 (13 bytes)
1694726024.904113 sending message 112 to peer 0x55eac39720c0 (12 bytes)
1694726024.904118 sending message 112 to peer 0x55eac39720c0 (12 bytes)
1694726024.904122 sending message 112 to peer 0x55eac39720c0 (12 bytes)
1694726024.904127 sending message 112 to peer 0x55eac39720c0 (8 bytes)
1694726024.904132 sending message 112 to peer 0x55eac39720c0 (12 bytes)
1694726024.904143 sending message 112 to peer 0x55eac39720c0 (13 bytes)
1694726024.904148 sending message 112 to peer 0x55eac39720c0 (13 bytes)
1694726024.904153 sending message 112 to peer 0x55eac39720c0 (13 bytes)
1694726024.904157 sending message 112 to peer 0x55eac39720c0 (13 bytes)
1694726024.904162 sending message 112 to peer 0x55eac39720c0 (13 bytes)
1694726024.904166 sending message 112 to peer 0x55eac39720c0 (13 bytes)
1694726024.904171 sending message 112 to peer 0x55eac39720c0 (13 bytes)
1694726024.904175 sending message 112 to peer 0x55eac39720c0 (13 bytes)
1694726024.904180 sending message 112 to peer 0x55eac39720c0 (12 bytes)
1694726024.904184 sending message 112 to peer 0x55eac39720c0 (10 bytes)
1694726024.904189 sending message 112 to peer 0x55eac39720c0 (12 bytes)
1694726024.904194 sending message 112 to peer 0x55eac39720c0 (12 bytes)
1694726024.904198 sending message 112 to peer 0x55eac39720c0 (12 bytes)
1694726024.904202 sending message 112 to peer 0x55eac39720c0 (13 bytes)
1694726024.904207 sending message 112 to peer 0x55eac39720c0 (13 bytes)
1694726024.904211 sending message 112 to peer 0x55eac39720c0 (13 bytes)
1694726024.904216 sending message 112 to peer 0x55eac39720c0 (13 bytes)
1694726024.904220 sending message 112 to peer 0x55eac39720c0 (13 bytes)
1694726024.904225 sending message 112 to peer 0x55eac39720c0 (13 bytes)
1694726024.904229 sending message 112 to peer 0x55eac39720c0 (13 bytes)
1694726024.904234 sending message 112 to peer 0x55eac39720c0 (10 bytes)
1694726024.904239 sending message 112 to peer 0x55eac39720c0 (13 bytes)
1694726024.904243 sending message 112 to peer 0x55eac39720c0 (12 bytes)
1694726024.904248 sending message 112 to peer 0x55eac39720c0 (12 bytes)
1694726024.904252 sending message 112 to peer 0x55eac39720c0 (12 bytes)
1694726024.904257 sending message 112 to peer 0x55eac39720c0 (10 bytes)
1694726024.904261 sending message 112 to peer 0x55eac39720c0 (10 bytes)
1694726024.904265 sending message 112 to peer 0x55eac39720c0 (10 bytes)
1694726024.904270 sending message 112 to peer 0x55eac39720c0 (12 bytes)
1694726024.904284 sending message 112 to peer 0x55eac39720c0 (13 bytes)
1694726024.904292 sending message 112 to peer 0x55eac39720c0 (13 bytes)
1694726024.904296 sending message 112 to peer 0x55eac39720c0 (13 bytes)
1694726024.904300 sending message 112 to peer 0x55eac39720c0 (13 bytes)
1694726024.904305 sending message 112 to peer 0x55eac39720c0 (13 bytes)
1694726024.904309 sending message 112 to peer 0x55eac39720c0 (11 bytes)
1694726024.904314 sending message 112 to peer 0x55eac39720c0 (11 bytes)
1694726024.904318 sending message 112 to peer 0x55eac39720c0 (12 bytes)
1694726024.904323 sending message 112 to peer 0x55eac39720c0 (12 bytes)
1694726024.904327 sending message 112 to peer 0x55eac39720c0 (12 bytes)
1694726024.904332 sending message 112 to peer 0x55eac39720c0 (12 bytes)
1694726024.904336 sending message 112 to peer 0x55eac39720c0 (12 bytes)
1694726024.904341 sending message 112 to peer 0x55eac39720c0 (11 bytes)
1694726024.904345 sending message 112 to peer 0x55eac39720c0 (12 bytes)
1694726024.904349 sending message 112 to peer 0x55eac39720c0 (12 bytes)
1694726024.904354 sending message 112 to peer 0x55eac39720c0 (13 bytes)
1694726024.904358 sending message 112 to peer 0x55eac39720c0 (13 bytes)
1694726024.904363 sending message 112 to peer 0x55eac39720c0 (13 bytes)
1694726024.904367 sending message 112 to peer 0x55eac39720c0 (13 bytes)
1694726024.904372 sending message 112 to peer 0x55eac39720c0 (13 bytes)
1694726024.904376 sending message 112 to peer 0x55eac39720c0 (10 bytes)
1694726024.904380 sending message 112 to peer 0x55eac39720c0 (9 bytes)
1694726024.904385 sending message 112 to peer 0x55eac39720c0 (12 bytes)
1694726024.904389 sending message 112 to peer 0x55eac39720c0 (13 bytes)
1694726024.904394 sending message 112 to peer 0x55eac39720c0 (13 bytes)
1694726024.904398 sending message 112 to peer 0x55eac39720c0 (13 bytes)
1694726024.904402 sending message 112 to peer 0x55eac39720c0 (13 bytes)
1694726024.904407 sending message 112 to peer 0x55eac39720c0 (13 bytes)
1694726024.904418 sending message 112 to peer 0x55eac39720c0 (9 bytes)
1694726024.904422 sending message 112 to peer 0x55eac39720c0 (12 bytes)
1694726024.904427 sending message 112 to peer 0x55eac39720c0 (13 bytes)
1694726024.904431 sending message 112 to peer 0x55eac39720c0 (13 bytes)
1694726024.904436 sending message 112 to peer 0x55eac39720c0 (13 bytes)
1694726024.904440 sending message 112 to peer 0x55eac39720c0 (13 bytes)
1694726024.904444 sending message 112 to peer 0x55eac39720c0 (13 bytes)
1694726024.904449 sending message 112 to peer 0x55eac39720c0 (11 bytes)
1694726024.904453 sending message 112 to peer 0x55eac39720c0 (12 bytes)
1694726024.904458 sending message 112 to peer 0x55eac39720c0 (13 bytes)
1694726024.904463 sending message 112 to peer 0x55eac39720c0 (13 bytes)
1694726024.904467 sending message 112 to peer 0x55eac39720c0 (13 bytes)
1694726024.904472 sending message 112 to peer 0x55eac39720c0 (13 bytes)
1694726024.904476 sending message 112 to peer 0x55eac39720c0 (13 bytes)
1694726024.904480 sending message 112 to peer 0x55eac39720c0 (11 bytes)
1694726024.904485 sending message 112 to peer 0x55eac39720c0 (12 bytes)
1694726024.904490 sending message 112 to peer 0x55eac39720c0 (12 bytes)
1694726024.904494 sending message 112 to peer 0x55eac39720c0 (12 bytes)
1694726024.904499 sending message 112 to peer 0x55eac39720c0 (12 bytes)
1694726024.904503 sending message 112 to peer 0x55eac39720c0 (12 bytes)
1694726024.904507 sending message 112 to peer 0x55eac39720c0 (21 bytes)
1694726024.904512 sending message 112 to peer 0x55eac39720c0 (12 bytes)
1694726024.904517 sending message 112 to peer 0x55eac39720c0 (9 bytes)
1694726024.904522 sending message 112 to peer 0x55eac39720c0 (6 bytes)
1694726024.904526 sending message 112 to peer 0x55eac39720c0 (13 bytes)
1694726024.904531 sending message 112 to peer 0x55eac39720c0 (8 bytes)
1694726024.904535 sending message 112 to peer 0x55eac39720c0 (15 bytes)
1694726024.904539 sending message 112 to peer 0x55eac39720c0 (13 bytes)
1694726024.904544 sending message 112 to peer 0x55eac39720c0 (9 bytes)
1694726024.904548 sending message 112 to peer 0x55eac39720c0 (70 bytes)
1694726024.904553 sending message 112 to peer 0x55eac39720c0 (69 bytes)
1694726024.904557 sending message 112 to peer 0x55eac39720c0 (10 bytes)
1694726024.904562 sending message 112 to peer 0x55eac39720c0 (10 bytes)
1694726024.904566 sending message 112 to peer 0x55eac39720c0 (8 bytes)
1694726024.904570 sending message 112 to peer 0x55eac39720c0 (15 bytes)
1694726024.904575 sending message 112 to peer 0x55eac39720c0 (13 bytes)
1694726024.904579 sending message 112 to peer 0x55eac39720c0 (10 bytes)
1694726024.904583 sending message 112 to peer 0x55eac39720c0 (10 bytes)
1694726024.904588 sending message 112 to peer 0x55eac39720c0 (17 bytes)
1694726024.904592 sending message 112 to peer 0x55eac39720c0 (10 bytes)
1694726024.904596 sending message 112 to peer 0x55eac39720c0 (13 bytes)
1694726024.904600 sending message 112 to peer 0x55eac39720c0 (9 bytes)
1694726024.904605 sending message 112 to peer 0x55eac39720c0 (5 bytes)
1694726024.904609 sending message 112 to peer 0x55eac39720c0 (15 bytes)
1694726024.904614 sending message 104 to peer 0x55eac39720c0 (0 bytes)
1694726024.904619 sending message 110 to peer 0x55eac39720c0 (0 bytes)
1694726024.904624 sending message 107 to peer 0x55eac39720c0 (4 bytes)
1694726024.904628 sending message 105 to peer 0x55eac39720c0 (16 bytes)
1694726024.904636 sending message 105 to peer 0x55eac39720c0 (78 bytes)
1694726024.904640 sending message 105 to peer 0x55eac39720c0 (20 bytes)
1694726024.904644 sending message 105 to peer 0x55eac39720c0 (23 bytes)
1694726024.904648 sending message 105 to peer 0x55eac39720c0 (23 bytes)
1694726024.904653 sending message 105 to peer 0x55eac39720c0 (26 bytes)
1694726024.904657 sending message 105 to peer 0x55eac39720c0 (11 bytes)
1694726024.904661 sending message 105 to peer 0x55eac39720c0 (37 bytes)
1694726024.904666 sending message 105 to peer 0x55eac39720c0 (30 bytes)
1694726024.904670 sending message 105 to peer 0x55eac39720c0 (14 bytes)
1694726024.904682 sending message 105 to peer 0x55eac39720c0 (61 bytes)
1694726024.904686 sending message 105 to peer 0x55eac39720c0 (41 bytes)
1694726024.904691 sending message 105 to peer 0x55eac39720c0 (20 bytes)
1694726024.904695 sending message 105 to peer 0x55eac39720c0 (22 bytes)
1694726024.904700 sending message 105 to peer 0x55eac39720c0 (9 bytes)
1694726024.904704 sending message 105 to peer 0x55eac39720c0 (38 bytes)
1694726024.904708 sending message 105 to peer 0x55eac39720c0 (21 bytes)
1694726024.904713 sending message 105 to peer 0x55eac39720c0 (31 bytes)
1694726024.904717 sending message 105 to peer 0x55eac39720c0 (26 bytes)
1694726024.904721 sending message 105 to peer 0x55eac39720c0 (15 bytes)
1694726024.904725 sending message 105 to peer 0x55eac39720c0 (25 bytes)
1694726024.904730 sending message 105 to peer 0x55eac39720c0 (33 bytes)
1694726024.904734 sending message 105 to peer 0x55eac39720c0 (40 bytes)
1694726024.904738 sending message 105 to peer 0x55eac39720c0 (22 bytes)
1694726024.904743 sending message 105 to peer 0x55eac39720c0 (54 bytes)
1694726024.904747 sending message 105 to peer 0x55eac39720c0 (21 bytes)
1694726024.904751 sending message 105 to peer 0x55eac39720c0 (18 bytes)
1694726024.904755 sending message 105 to peer 0x55eac39720c0 (16 bytes)
1694726024.904760 sending message 105 to peer 0x55eac39720c0 (17 bytes)
1694726024.904765 sending message 105 to peer 0x55eac39720c0 (1770 bytes)
1694726024.904788 sending message 105 to peer 0x55eac39720c0 (26 bytes)
1694726024.904792 sending message 105 to peer 0x55eac39720c0 (17 bytes)
1694726024.904797 sending message 105 to peer 0x55eac39720c0 (26 bytes)
1694726024.904802 sending message 105 to peer 0x55eac39720c0 (29 bytes)
1694726024.904806 sending message 105 to peer 0x55eac39720c0 (86 bytes)
1694726024.904811 sending message 105 to peer 0x55eac39720c0 (20 bytes)
1694726024.904816 sending message 105 to peer 0x55eac39720c0 (39 bytes)
1694726024.904820 sending message 105 to peer 0x55eac39720c0 (23 bytes)
1694726024.904825 sending message 105 to peer 0x55eac39720c0 (23 bytes)
1694726024.904830 sending message 105 to peer 0x55eac39720c0 (30 bytes)
1694726024.904834 sending message 105 to peer 0x55eac39720c0 (19 bytes)
1694726024.904839 sending message 105 to peer 0x55eac39720c0 (35 bytes)
1694726024.904844 sending message 105 to peer 0x55eac39720c0 (12 bytes)
1694726024.904848 sending message 105 to peer 0x55eac39720c0 (23 bytes)
1694726024.904853 sending message 105 to peer 0x55eac39720c0 (13 bytes)
1694726024.904858 sending message 105 to peer 0x55eac39720c0 (30 bytes)
1694726024.904862 sending message 105 to peer 0x55eac39720c0 (22 bytes)
1694726024.904867 sending message 105 to peer 0x55eac39720c0 (11 bytes)
1694726024.904871 sending message 105 to peer 0x55eac39720c0 (26 bytes)
1694726024.904876 sending message 105 to peer 0x55eac39720c0 (8 bytes)
1694726024.904881 sending message 105 to peer 0x55eac39720c0 (40 bytes)
1694726024.904885 sending message 105 to peer 0x55eac39720c0 (15 bytes)
1694726024.904890 sending message 105 to peer 0x55eac39720c0 (18 bytes)
1694726024.904894 sending message 105 to peer 0x55eac39720c0 (31 bytes)
1694726024.904899 sending message 105 to peer 0x55eac39720c0 (55 bytes)
1694726024.904904 sending message 105 to peer 0x55eac39720c0 (13 bytes)
1694726024.904908 sending message 105 to peer 0x55eac39720c0 (123 bytes)
1694726024.904913 sending message 105 to peer 0x55eac39720c0 (96 bytes)
1694726024.904918 sending message 105 to peer 0x55eac39720c0 (146 bytes)
1694726024.904923 sending message 105 to peer 0x55eac39720c0 (17 bytes)
1694726024.904927 sending message 105 to peer 0x55eac39720c0 (54 bytes)
1694726024.904932 sending message 105 to peer 0x55eac39720c0 (43 bytes)
1694726024.904936 sending message 105 to peer 0x55eac39720c0 (28 bytes)
1694726024.904941 sending message 105 to peer 0x55eac39720c0 (38 bytes)
1694726024.904945 sending message 105 to peer 0x55eac39720c0 (18 bytes)
1694726024.904950 sending message 105 to peer 0x55eac39720c0 (55 bytes)
1694726024.904955 sending message 105 to peer 0x55eac39720c0 (591 bytes)
1694726024.904965 sending message 105 to peer 0x55eac39720c0 (16 bytes)
1694726024.904969 sending message 106 to peer 0x55eac39720c0 (0 bytes)
1694726024.905032 sending message 200 to peer 0x55eac39720c0 (4 bytes)
1694726024.905037 client loop enter
1694726024.905824 peer 0x55eac39720c0 message 303
1694726024.905845 open write file 2 -
1694726024.905859 sending message 305 to peer 0x55eac39720c0 (8 bytes)
1694726024.905878 write check file 2
1694726024.906126 peer 0x55eac39720c0 message 304
1694726024.906131 write 58 to file 2
1694726024.906137 peer 0x55eac39720c0 message 203
1694726024.906142 file 2 58 bytes left
1694726024.906155 write check file 2
1694726024.906159 client loop exit
